{"/usr/src/app/src/Application/SampleService.ts": {"path":"/usr/src/app/src/Application/SampleService.ts","statementMap":{"0":{"start":{"line":2,"column":0},"end":{"line":2,"column":82}},"1":{"start":{"line":6,"column":21},"end":{"line":6,"column":43}},"2":{"start":{"line":7,"column":8},"end":{"line":7,"column":null}},"3":{"start":{"line":4,"column":0},"end":{"line":4,"column":13}}},"fnMap":{"0":{"name":"(anonymous_0)","decl":{"start":{"line":5,"column":4},"end":{"line":5,"column":9}},"loc":{"start":{"line":5,"column":13},"end":{"line":8,"column":7}}}},"branchMap":{},"s":{"0":1,"1":1,"2":1,"3":1},"f":{"0":1},"b":{}}
,"/usr/src/app/src/Domain/Sample.ts": {"path":"/usr/src/app/src/Domain/Sample.ts","statementMap":{"0":{"start":{"line":1,"column":0},"end":{"line":1,"column":13}}},"fnMap":{},"branchMap":{},"s":{"0":1},"f":{},"b":{}}
,"/usr/src/app/src/Infrastructure/Repository/SampleRepository.ts": {"path":"/usr/src/app/src/Infrastructure/Repository/SampleRepository.ts","statementMap":{"0":{"start":{"line":1,"column":0},"end":{"line":1,"column":43}},"1":{"start":{"line":7,"column":20},"end":{"line":7,"column":32}},"2":{"start":{"line":8,"column":8},"end":{"line":8,"column":22}},"3":{"start":{"line":9,"column":8},"end":{"line":9,"column":null}},"4":{"start":{"line":10,"column":8},"end":{"line":10,"column":null}},"5":{"start":{"line":3,"column":0},"end":{"line":3,"column":13}}},"fnMap":{"0":{"name":"(anonymous_0)","decl":{"start":{"line":4,"column":4},"end":{"line":4,"column":9}},"loc":{"start":{"line":4,"column":13},"end":{"line":11,"column":7}}}},"branchMap":{},"s":{"0":1,"1":1,"2":1,"3":1,"4":1,"5":1},"f":{"0":1},"b":{}}
,"/usr/src/app/src/Presentation/Server.ts": {"path":"/usr/src/app/src/Presentation/Server.ts","statementMap":{"0":{"start":{"line":1,"column":0},"end":{"line":1,"column":23}},"1":{"start":{"line":2,"column":0},"end":{"line":2,"column":21}},"2":{"start":{"line":3,"column":0},"end":{"line":3,"column":42}},"3":{"start":{"line":4,"column":0},"end":{"line":4,"column":34}},"4":{"start":{"line":6,"column":0},"end":{"line":6,"column":34}},"5":{"start":{"line":10,"column":20},"end":{"line":10,"column":29}},"6":{"start":{"line":11,"column":8},"end":{"line":11,"column":null}},"7":{"start":{"line":12,"column":8},"end":{"line":12,"column":null}},"8":{"start":{"line":14,"column":23},"end":{"line":14,"column":38}},"9":{"start":{"line":15,"column":8},"end":{"line":15,"column":null}},"10":{"start":{"line":16,"column":8},"end":{"line":16,"column":null}},"11":{"start":{"line":20,"column":23},"end":{"line":20,"column":54}},"12":{"start":{"line":21,"column":8},"end":{"line":21,"column":null}},"13":{"start":{"line":8,"column":0},"end":{"line":8,"column":13}}},"fnMap":{"0":{"name":"(anonymous_0)","decl":{"start":{"line":9,"column":11},"end":{"line":9,"column":17}},"loc":{"start":{"line":9,"column":24},"end":{"line":22,"column":5}}}},"branchMap":{},"s":{"0":1,"1":1,"2":1,"3":1,"4":1,"5":1,"6":1,"7":1,"8":1,"9":1,"10":1,"11":1,"12":1,"13":1},"f":{"0":1},"b":{}}
,"/usr/src/app/src/Presentation/Controller/api.ts": {"path":"/usr/src/app/src/Presentation/Controller/api.ts","statementMap":{"0":{"start":{"line":1,"column":0},"end":{"line":1,"column":31}},"1":{"start":{"line":2,"column":0},"end":{"line":2,"column":34}},"2":{"start":{"line":4,"column":15},"end":{"line":6,"column":2}},"3":{"start":{"line":8,"column":0},"end":{"line":8,"column":null}},"4":{"start":{"line":10,"column":0},"end":{"line":10,"column":null}}},"fnMap":{},"branchMap":{},"s":{"0":1,"1":1,"2":1,"3":1,"4":1},"f":{},"b":{}}
,"/usr/src/app/src/Presentation/Controller/v1/samples.ts": {"path":"/usr/src/app/src/Presentation/Controller/v1/samples.ts","statementMap":{"0":{"start":{"line":1,"column":0},"end":{"line":1,"column":62}},"1":{"start":{"line":2,"column":0},"end":{"line":2,"column":31}},"2":{"start":{"line":4,"column":15},"end":{"line":6,"column":4}},"3":{"start":{"line":8,"column":2},"end":{"line":8,"column":null}},"4":{"start":{"line":10,"column":2},"end":{"line":14,"column":null}},"5":{"start":{"line":11,"column":20},"end":{"line":11,"column":39}},"6":{"start":{"line":12,"column":17},"end":{"line":12,"column":36}},"7":{"start":{"line":13,"column":4},"end":{"line":13,"column":null}}},"fnMap":{"0":{"name":"(anonymous_0)","decl":{"start":{"line":10,"column":18},"end":{"line":10,"column":23}},"loc":{"start":{"line":10,"column":32},"end":{"line":14,"column":3}}}},"branchMap":{},"s":{"0":1,"1":1,"2":1,"3":1,"4":1,"5":1,"6":1,"7":1},"f":{"0":1},"b":{}}
}
